<?xml version="1.0" encoding="UTF-8"?>
<testng-results ignored="0" total="1" passed="1" failed="0" skipped="0">
  <reporter-output>
  </reporter-output>
  <suite started-at="2025-08-27T15:25:21 IST" name="Default suite" finished-at="2025-08-27T15:25:48 IST" duration-ms="27065">
    <groups>
    </groups>
    <test started-at="2025-08-27T15:25:21 IST" name="Default test" finished-at="2025-08-27T15:25:48 IST" duration-ms="27065">
      <class name="PageFactory.login_test_case">
        <test-method is-config="true" signature="setup()[pri:0, instance:PageFactory.login_test_case@4c583ecf]" started-at="2025-08-27T15:25:21 IST" name="setup" finished-at="2025-08-27T15:25:33 IST" duration-ms="11939" status="PASS">
          <reporter-output>
          </reporter-output>
        </test-method> <!-- setup -->
        <test-method signature="login()[pri:0, instance:PageFactory.login_test_case@4c583ecf]" started-at="2025-08-27T15:25:33 IST" name="login" finished-at="2025-08-27T15:25:48 IST" duration-ms="14909" status="PASS">
          <reporter-output>
          </reporter-output>
        </test-method> <!-- login -->
        <test-method is-config="true" signature="teardown()[pri:0, instance:PageFactory.login_test_case@4c583ecf]" started-at="2025-08-27T15:25:48 IST" name="teardown" finished-at="2025-08-27T15:25:48 IST" duration-ms="170" status="PASS">
          <reporter-output>
          </reporter-output>
        </test-method> <!-- teardown -->
      </class> <!-- PageFactory.login_test_case -->
    </test> <!-- Default test -->
  </suite> <!-- Default suite -->
</testng-results>
